17-Feb-2025 23:31:22.975 INFO [main] org.apache.catalina.startup.VersionLoggerListener.log Server version name:   Apache Tomcat/10.1.35
17-Feb-2025 23:31:22.977 INFO [main] org.apache.catalina.startup.VersionLoggerListener.log Server built:          Feb 4 2025 21:16:31 UTC
17-Feb-2025 23:31:22.977 INFO [main] org.apache.catalina.startup.VersionLoggerListener.log Server version number: 10.1.35.0
17-Feb-2025 23:31:22.977 INFO [main] org.apache.catalina.startup.VersionLoggerListener.log OS Name:               Mac OS X
17-Feb-2025 23:31:22.977 INFO [main] org.apache.catalina.startup.VersionLoggerListener.log OS Version:            14.5
17-Feb-2025 23:31:22.977 INFO [main] org.apache.catalina.startup.VersionLoggerListener.log Architecture:          aarch64
17-Feb-2025 23:31:22.977 INFO [main] org.apache.catalina.startup.VersionLoggerListener.log Java Home:             /Library/Java/JavaVirtualMachines/jdk-22.jdk/Contents/Home
17-Feb-2025 23:31:22.977 INFO [main] org.apache.catalina.startup.VersionLoggerListener.log JVM Version:           22.0.2+9-70
17-Feb-2025 23:31:22.977 INFO [main] org.apache.catalina.startup.VersionLoggerListener.log JVM Vendor:            Oracle Corporation
17-Feb-2025 23:31:22.977 INFO [main] org.apache.catalina.startup.VersionLoggerListener.log CATALINA_BASE:         /Users/hathikieungan/Documents/GitHub/64131410_Web2/apache-tomcat-10.1.35
17-Feb-2025 23:31:22.977 INFO [main] org.apache.catalina.startup.VersionLoggerListener.log CATALINA_HOME:         /Users/hathikieungan/Documents/GitHub/64131410_Web2/apache-tomcat-10.1.35
17-Feb-2025 23:31:23.023 INFO [main] org.apache.catalina.startup.VersionLoggerListener.log Command line argument: -Djava.util.logging.config.file=/Users/hathikieungan/Documents/GitHub/64131410_Web2/apache-tomcat-10.1.35/conf/logging.properties
17-Feb-2025 23:31:23.023 INFO [main] org.apache.catalina.startup.VersionLoggerListener.log Command line argument: -Djava.util.logging.manager=org.apache.juli.ClassLoaderLogManager
17-Feb-2025 23:31:23.023 INFO [main] org.apache.catalina.startup.VersionLoggerListener.log Command line argument: -Djdk.tls.ephemeralDHKeySize=2048
17-Feb-2025 23:31:23.023 INFO [main] org.apache.catalina.startup.VersionLoggerListener.log Command line argument: -Djava.protocol.handler.pkgs=org.apache.catalina.webresources
17-Feb-2025 23:31:23.024 INFO [main] org.apache.catalina.startup.VersionLoggerListener.log Command line argument: -Dsun.io.useCanonCaches=false
17-Feb-2025 23:31:23.024 INFO [main] org.apache.catalina.startup.VersionLoggerListener.log Command line argument: -Dorg.apache.catalina.security.SecurityListener.UMASK=0027
17-Feb-2025 23:31:23.024 INFO [main] org.apache.catalina.startup.VersionLoggerListener.log Command line argument: --add-opens=java.base/java.lang=ALL-UNNAMED
17-Feb-2025 23:31:23.024 INFO [main] org.apache.catalina.startup.VersionLoggerListener.log Command line argument: --add-opens=java.base/java.io=ALL-UNNAMED
17-Feb-2025 23:31:23.024 INFO [main] org.apache.catalina.startup.VersionLoggerListener.log Command line argument: --add-opens=java.base/java.util=ALL-UNNAMED
17-Feb-2025 23:31:23.024 INFO [main] org.apache.catalina.startup.VersionLoggerListener.log Command line argument: --add-opens=java.base/java.util.concurrent=ALL-UNNAMED
17-Feb-2025 23:31:23.024 INFO [main] org.apache.catalina.startup.VersionLoggerListener.log Command line argument: --add-opens=java.rmi/sun.rmi.transport=ALL-UNNAMED
17-Feb-2025 23:31:23.024 INFO [main] org.apache.catalina.startup.VersionLoggerListener.log Command line argument: -Dcatalina.base=/Users/hathikieungan/Documents/GitHub/64131410_Web2/apache-tomcat-10.1.35
17-Feb-2025 23:31:23.024 INFO [main] org.apache.catalina.startup.VersionLoggerListener.log Command line argument: -Dcatalina.home=/Users/hathikieungan/Documents/GitHub/64131410_Web2/apache-tomcat-10.1.35
17-Feb-2025 23:31:23.024 INFO [main] org.apache.catalina.startup.VersionLoggerListener.log Command line argument: -Djava.io.tmpdir=/Users/hathikieungan/Documents/GitHub/64131410_Web2/apache-tomcat-10.1.35/temp
17-Feb-2025 23:31:23.028 INFO [main] org.apache.catalina.core.AprLifecycleListener.lifecycleEvent The Apache Tomcat Native library which allows using OpenSSL was not found on the java.library.path: [/Users/hathikieungan/Library/Java/Extensions:/Library/Java/Extensions:/Network/Library/Java/Extensions:/System/Library/Java/Extensions:/usr/lib/java:.]
17-Feb-2025 23:31:23.170 INFO [main] org.apache.coyote.AbstractProtocol.init Initializing ProtocolHandler ["http-nio-8080"]
17-Feb-2025 23:31:23.203 INFO [main] org.apache.catalina.startup.Catalina.load Server initialization in [324] milliseconds
17-Feb-2025 23:31:23.219 INFO [main] org.apache.catalina.core.StandardService.startInternal Starting service [Catalina]
17-Feb-2025 23:31:23.220 INFO [main] org.apache.catalina.core.StandardEngine.startInternal Starting Servlet engine: [Apache Tomcat/10.1.35]
17-Feb-2025 23:31:23.223 INFO [main] org.apache.catalina.startup.HostConfig.deployDirectory Deploying web application directory [/Users/hathikieungan/Documents/GitHub/64131410_Web2/apache-tomcat-10.1.35/webapps/docs]
17-Feb-2025 23:31:23.344 INFO [main] org.apache.catalina.startup.HostConfig.deployDirectory Deployment of web application directory [/Users/hathikieungan/Documents/GitHub/64131410_Web2/apache-tomcat-10.1.35/webapps/docs] has finished in [121] ms
17-Feb-2025 23:31:23.344 INFO [main] org.apache.catalina.startup.HostConfig.deployDirectory Deploying web application directory [/Users/hathikieungan/Documents/GitHub/64131410_Web2/apache-tomcat-10.1.35/webapps/manager]
17-Feb-2025 23:31:23.359 INFO [main] org.apache.catalina.startup.HostConfig.deployDirectory Deployment of web application directory [/Users/hathikieungan/Documents/GitHub/64131410_Web2/apache-tomcat-10.1.35/webapps/manager] has finished in [15] ms
17-Feb-2025 23:31:23.359 INFO [main] org.apache.catalina.startup.HostConfig.deployDirectory Deploying web application directory [/Users/hathikieungan/Documents/GitHub/64131410_Web2/apache-tomcat-10.1.35/webapps/examples]
17-Feb-2025 23:31:23.452 INFO [main] org.apache.catalina.startup.HostConfig.deployDirectory Deployment of web application directory [/Users/hathikieungan/Documents/GitHub/64131410_Web2/apache-tomcat-10.1.35/webapps/examples] has finished in [93] ms
17-Feb-2025 23:31:23.452 INFO [main] org.apache.catalina.startup.HostConfig.deployDirectory Deploying web application directory [/Users/hathikieungan/Documents/GitHub/64131410_Web2/apache-tomcat-10.1.35/webapps/ROOT]
17-Feb-2025 23:31:23.458 INFO [main] org.apache.catalina.startup.HostConfig.deployDirectory Deployment of web application directory [/Users/hathikieungan/Documents/GitHub/64131410_Web2/apache-tomcat-10.1.35/webapps/ROOT] has finished in [6] ms
17-Feb-2025 23:31:23.459 INFO [main] org.apache.catalina.startup.HostConfig.deployDirectory Deploying web application directory [/Users/hathikieungan/Documents/GitHub/64131410_Web2/apache-tomcat-10.1.35/webapps/host-manager]
17-Feb-2025 23:31:23.467 INFO [main] org.apache.catalina.startup.HostConfig.deployDirectory Deployment of web application directory [/Users/hathikieungan/Documents/GitHub/64131410_Web2/apache-tomcat-10.1.35/webapps/host-manager] has finished in [8] ms
17-Feb-2025 23:31:23.468 INFO [main] org.apache.coyote.AbstractProtocol.start Starting ProtocolHandler ["http-nio-8080"]
17-Feb-2025 23:31:23.474 INFO [main] org.apache.catalina.startup.Catalina.start Server startup in [269] milliseconds
