18-Feb-2025 00:10:31.609 INFO [main] org.apache.catalina.core.StandardServer.await A valid shutdown command was received via the shutdown port. Stopping the Server instance.
18-Feb-2025 00:10:31.610 INFO [main] org.apache.coyote.AbstractProtocol.pause Pausing ProtocolHandler ["http-nio-8080"]
18-Feb-2025 00:10:31.614 INFO [main] org.apache.catalina.core.StandardService.stopInternal Stopping service [Catalina]
18-Feb-2025 00:10:31.627 INFO [main] org.apache.coyote.AbstractProtocol.stop Stopping ProtocolHandler ["http-nio-8080"]
18-Feb-2025 00:10:31.640 INFO [main] org.apache.coyote.AbstractProtocol.destroy Destroying ProtocolHandler ["http-nio-8080"]
18-Feb-2025 00:10:55.708 INFO [main] org.apache.catalina.startup.VersionLoggerListener.log Server version name:   Apache Tomcat/10.1.35
18-Feb-2025 00:10:55.710 INFO [main] org.apache.catalina.startup.VersionLoggerListener.log Server built:          Feb 4 2025 21:16:31 UTC
18-Feb-2025 00:10:55.710 INFO [main] org.apache.catalina.startup.VersionLoggerListener.log Server version number: 10.1.35.0
18-Feb-2025 00:10:55.710 INFO [main] org.apache.catalina.startup.VersionLoggerListener.log OS Name:               Mac OS X
18-Feb-2025 00:10:55.710 INFO [main] org.apache.catalina.startup.VersionLoggerListener.log OS Version:            14.5
18-Feb-2025 00:10:55.710 INFO [main] org.apache.catalina.startup.VersionLoggerListener.log Architecture:          aarch64
18-Feb-2025 00:10:55.710 INFO [main] org.apache.catalina.startup.VersionLoggerListener.log Java Home:             /Library/Java/JavaVirtualMachines/jdk-22.jdk/Contents/Home
18-Feb-2025 00:10:55.710 INFO [main] org.apache.catalina.startup.VersionLoggerListener.log JVM Version:           22.0.2+9-70
18-Feb-2025 00:10:55.710 INFO [main] org.apache.catalina.startup.VersionLoggerListener.log JVM Vendor:            Oracle Corporation
18-Feb-2025 00:10:55.710 INFO [main] org.apache.catalina.startup.VersionLoggerListener.log CATALINA_BASE:         /Users/hathikieungan/Documents/GitHub/64131410_Web2/apache-tomcat-10.1.35
18-Feb-2025 00:10:55.710 INFO [main] org.apache.catalina.startup.VersionLoggerListener.log CATALINA_HOME:         /Users/hathikieungan/Documents/GitHub/64131410_Web2/apache-tomcat-10.1.35
18-Feb-2025 00:10:55.718 INFO [main] org.apache.catalina.startup.VersionLoggerListener.log Command line argument: -Djava.util.logging.config.file=/Users/hathikieungan/Documents/GitHub/64131410_Web2/apache-tomcat-10.1.35/conf/logging.properties
18-Feb-2025 00:10:55.718 INFO [main] org.apache.catalina.startup.VersionLoggerListener.log Command line argument: -Djava.util.logging.manager=org.apache.juli.ClassLoaderLogManager
18-Feb-2025 00:10:55.718 INFO [main] org.apache.catalina.startup.VersionLoggerListener.log Command line argument: -Djdk.tls.ephemeralDHKeySize=2048
18-Feb-2025 00:10:55.718 INFO [main] org.apache.catalina.startup.VersionLoggerListener.log Command line argument: -Djava.protocol.handler.pkgs=org.apache.catalina.webresources
18-Feb-2025 00:10:55.718 INFO [main] org.apache.catalina.startup.VersionLoggerListener.log Command line argument: -Dsun.io.useCanonCaches=false
18-Feb-2025 00:10:55.718 INFO [main] org.apache.catalina.startup.VersionLoggerListener.log Command line argument: -Dorg.apache.catalina.security.SecurityListener.UMASK=0027
18-Feb-2025 00:10:55.718 INFO [main] org.apache.catalina.startup.VersionLoggerListener.log Command line argument: --add-opens=java.base/java.lang=ALL-UNNAMED
18-Feb-2025 00:10:55.718 INFO [main] org.apache.catalina.startup.VersionLoggerListener.log Command line argument: --add-opens=java.base/java.io=ALL-UNNAMED
18-Feb-2025 00:10:55.718 INFO [main] org.apache.catalina.startup.VersionLoggerListener.log Command line argument: --add-opens=java.base/java.util=ALL-UNNAMED
18-Feb-2025 00:10:55.718 INFO [main] org.apache.catalina.startup.VersionLoggerListener.log Command line argument: --add-opens=java.base/java.util.concurrent=ALL-UNNAMED
18-Feb-2025 00:10:55.718 INFO [main] org.apache.catalina.startup.VersionLoggerListener.log Command line argument: --add-opens=java.rmi/sun.rmi.transport=ALL-UNNAMED
18-Feb-2025 00:10:55.719 INFO [main] org.apache.catalina.startup.VersionLoggerListener.log Command line argument: -Dcatalina.base=/Users/hathikieungan/Documents/GitHub/64131410_Web2/apache-tomcat-10.1.35
18-Feb-2025 00:10:55.719 INFO [main] org.apache.catalina.startup.VersionLoggerListener.log Command line argument: -Dcatalina.home=/Users/hathikieungan/Documents/GitHub/64131410_Web2/apache-tomcat-10.1.35
18-Feb-2025 00:10:55.719 INFO [main] org.apache.catalina.startup.VersionLoggerListener.log Command line argument: -Djava.io.tmpdir=/Users/hathikieungan/Documents/GitHub/64131410_Web2/apache-tomcat-10.1.35/temp
18-Feb-2025 00:10:55.722 INFO [main] org.apache.catalina.core.AprLifecycleListener.lifecycleEvent The Apache Tomcat Native library which allows using OpenSSL was not found on the java.library.path: [/Users/hathikieungan/Library/Java/Extensions:/Library/Java/Extensions:/Network/Library/Java/Extensions:/System/Library/Java/Extensions:/usr/lib/java:.]
18-Feb-2025 00:10:55.861 INFO [main] org.apache.coyote.AbstractProtocol.init Initializing ProtocolHandler ["http-nio-8888"]
18-Feb-2025 00:10:55.874 INFO [main] org.apache.catalina.startup.Catalina.load Server initialization in [254] milliseconds
18-Feb-2025 00:10:55.890 INFO [main] org.apache.catalina.core.StandardService.startInternal Starting service [Catalina]
18-Feb-2025 00:10:55.890 INFO [main] org.apache.catalina.core.StandardEngine.startInternal Starting Servlet engine: [Apache Tomcat/10.1.35]
18-Feb-2025 00:10:55.893 INFO [main] org.apache.catalina.startup.HostConfig.deployDirectory Deploying web application directory [/Users/hathikieungan/Documents/GitHub/64131410_Web2/apache-tomcat-10.1.35/webapps/docs]
18-Feb-2025 00:10:56.012 INFO [main] org.apache.catalina.startup.HostConfig.deployDirectory Deployment of web application directory [/Users/hathikieungan/Documents/GitHub/64131410_Web2/apache-tomcat-10.1.35/webapps/docs] has finished in [119] ms
18-Feb-2025 00:10:56.013 INFO [main] org.apache.catalina.startup.HostConfig.deployDirectory Deploying web application directory [/Users/hathikieungan/Documents/GitHub/64131410_Web2/apache-tomcat-10.1.35/webapps/manager]
18-Feb-2025 00:10:56.027 INFO [main] org.apache.catalina.startup.HostConfig.deployDirectory Deployment of web application directory [/Users/hathikieungan/Documents/GitHub/64131410_Web2/apache-tomcat-10.1.35/webapps/manager] has finished in [14] ms
18-Feb-2025 00:10:56.027 INFO [main] org.apache.catalina.startup.HostConfig.deployDirectory Deploying web application directory [/Users/hathikieungan/Documents/GitHub/64131410_Web2/apache-tomcat-10.1.35/webapps/examples]
18-Feb-2025 00:10:56.124 INFO [main] org.apache.catalina.startup.HostConfig.deployDirectory Deployment of web application directory [/Users/hathikieungan/Documents/GitHub/64131410_Web2/apache-tomcat-10.1.35/webapps/examples] has finished in [97] ms
18-Feb-2025 00:10:56.124 INFO [main] org.apache.catalina.startup.HostConfig.deployDirectory Deploying web application directory [/Users/hathikieungan/Documents/GitHub/64131410_Web2/apache-tomcat-10.1.35/webapps/ROOT]
18-Feb-2025 00:10:56.130 INFO [main] org.apache.catalina.startup.HostConfig.deployDirectory Deployment of web application directory [/Users/hathikieungan/Documents/GitHub/64131410_Web2/apache-tomcat-10.1.35/webapps/ROOT] has finished in [6] ms
18-Feb-2025 00:10:56.131 INFO [main] org.apache.catalina.startup.HostConfig.deployDirectory Deploying web application directory [/Users/hathikieungan/Documents/GitHub/64131410_Web2/apache-tomcat-10.1.35/webapps/host-manager]
18-Feb-2025 00:10:56.138 INFO [main] org.apache.catalina.startup.HostConfig.deployDirectory Deployment of web application directory [/Users/hathikieungan/Documents/GitHub/64131410_Web2/apache-tomcat-10.1.35/webapps/host-manager] has finished in [7] ms
18-Feb-2025 00:10:56.139 INFO [main] org.apache.coyote.AbstractProtocol.start Starting ProtocolHandler ["http-nio-8888"]
18-Feb-2025 00:10:56.145 INFO [main] org.apache.catalina.startup.Catalina.start Server startup in [270] milliseconds
18-Feb-2025 00:12:20.662 INFO [main] org.apache.catalina.core.StandardServer.await A valid shutdown command was received via the shutdown port. Stopping the Server instance.
18-Feb-2025 00:12:20.663 INFO [main] org.apache.coyote.AbstractProtocol.pause Pausing ProtocolHandler ["http-nio-8888"]
18-Feb-2025 00:12:20.666 INFO [main] org.apache.catalina.core.StandardService.stopInternal Stopping service [Catalina]
18-Feb-2025 00:12:20.682 INFO [main] org.apache.coyote.AbstractProtocol.stop Stopping ProtocolHandler ["http-nio-8888"]
18-Feb-2025 00:12:20.691 INFO [main] org.apache.coyote.AbstractProtocol.destroy Destroying ProtocolHandler ["http-nio-8888"]
